Using pre-set license
Built from '2020.2/staging' branch; Version is '2020.2.3f1 (8ff31bc5bf5b) revision 9433883'; Using compiler version '192528614'; Build Type 'Release'
OS: 'Windows 10 Pro; OS build 19042.1288; Version 2009; 64bit' Language: 'ru' Physical Memory: 3918 MB
BatchMode: 1, IsHumanControllingUs: 0, StartBugReporterOnCrash: 0, Is64bit: 1, IsPro: 0

 COMMAND LINE ARGUMENTS:
C:\Program Files\Unity\Hub\Editor\2020.2.3f1\Editor\Unity.exe
-adb2
-batchMode
-noUpm
-name
AssetImportWorker0
-projectPath
C:/Users/User/Desktop/game-jam-shit-main/game jam shit
-logFile
Logs/AssetImportWorker0.log
-srvPort
62492
Successfully changed project path to: C:/Users/User/Desktop/game-jam-shit-main/game jam shit
C:/Users/User/Desktop/game-jam-shit-main/game jam shit
Using Asset Import Pipeline V2.
Refreshing native plugins compatible for Editor in 80.15 ms, found 0 plugins.
Preloading 0 native plugins for Editor in 0.00 ms.
Initialize engine version: 2020.2.3f1 (8ff31bc5bf5b)
[Subsystems] Discovering subsystems at path C:/Program Files/Unity/Hub/Editor/2020.2.3f1/Editor/Data/Resources/UnitySubsystems
[Subsystems] Discovering subsystems at path C:/Users/User/Desktop/game-jam-shit-main/game jam shit/Assets
GfxDevice: creating device client; threaded=0
Direct3D:
    Version:  Direct3D 11.0 [level 11.1]
    Renderer: Intel(R) UHD Graphics 605 (ID=0x3184)
    Vendor:   
    VRAM:     1959 MB
    Driver:   27.20.100.8729
Initialize mono
Mono path[0] = 'C:/Program Files/Unity/Hub/Editor/2020.2.3f1/Editor/Data/Managed'
Mono path[1] = 'C:/Program Files/Unity/Hub/Editor/2020.2.3f1/Editor/Data/MonoBleedingEdge/lib/mono/unityjit'
Mono config path = 'C:/Program Files/Unity/Hub/Editor/2020.2.3f1/Editor/Data/MonoBleedingEdge/etc'
Using monoOptions --debugger-agent=transport=dt_socket,embedding=1,server=y,suspend=n,address=127.0.0.1:56952
Begin MonoManager ReloadAssembly
Registering precompiled unity dll's ...
Register platform support module: C:/Program Files/Unity/Hub/Editor/2020.2.3f1/Editor/Data/PlaybackEngines/WindowsStandaloneSupport/UnityEditor.WindowsStandalone.Extensions.dll
Registered in 0.010469 seconds.
Native extension for WindowsStandalone target not found
Refreshing native plugins compatible for Editor in 75.65 ms, found 0 plugins.
Preloading 0 native plugins for Editor in 0.00 ms.
Invoked RoslynAnalysisRunner static constructor.
RoslynAnalysisRunner will not be running.
RoslynAnalysisRunner has terminated.
Mono: successfully reloaded assembly
- Completed reload, in  7.299 seconds
Platform modules already initialized, skipping
Registering precompiled user dll's ...
Registered in 0.006706 seconds.
Begin MonoManager ReloadAssembly
Native extension for WindowsStandalone target not found
Refreshing native plugins compatible for Editor in 0.66 ms, found 0 plugins.
Preloading 0 native plugins for Editor in 0.00 ms.
Invoked RoslynAnalysisRunner static constructor.
RoslynAnalysisRunner will not be running.
RoslynAnalysisRunner has terminated.
Mono: successfully reloaded assembly
- Completed reload, in  2.260 seconds
Platform modules already initialized, skipping
========================================================================
Worker process is ready to serve import requests
Launched and connected shader compiler UnityShaderCompiler.exe after 0.49 seconds
Refreshing native plugins compatible for Editor in 0.84 ms, found 0 plugins.
Preloading 0 native plugins for Editor in 0.00 ms.
Unloading 1128 Unused Serialized files (Serialized files now loaded: 0)
System memory in use before: 59.9 MB.
System memory in use after: 59.9 MB.

Unloading 9 unused Assets to reduce memory usage. Loaded Objects now: 1573.
Total: 4.196900 ms (FindLiveObjects: 0.442000 ms CreateObjectMapping: 0.074500 ms MarkObjects: 3.506900 ms  DeleteObjects: 0.170100 ms)

========================================================================
Received Import Request.
  path: Assets/Menu-create.unity
  artifactKey: Guid(60a82c20b8649c24391bcfc220985f9b) Importer(815301076,1909f56bfc062723c751e8b465ee728b)
Start importing Assets/Menu-create.unity using Guid(60a82c20b8649c24391bcfc220985f9b) Importer(815301076,1909f56bfc062723c751e8b465ee728b)  -> (artifact id: '036a779ca479d7c5ab53f386361724d4') in 0.033511 seconds
  Import took 0.037431 seconds .

========================================================================
Received Import Request.
  Time since last request: 0.001509 seconds.
  path: Assets/Settings.unity
  artifactKey: Guid(13e39a79fc1501e46b4fff0d19ae5970) Importer(815301076,1909f56bfc062723c751e8b465ee728b)
Start importing Assets/Settings.unity using Guid(13e39a79fc1501e46b4fff0d19ae5970) Importer(815301076,1909f56bfc062723c751e8b465ee728b)  -> (artifact id: 'a99e63e0deedfba7e0d2b7ab3585122f') in 0.031416 seconds
  Import took 0.035993 seconds .

========================================================================
Received Import Request.
  Time since last request: 0.000736 seconds.
  path: Assets/Shop.unity
  artifactKey: Guid(d63dcb16ce6de004fbf3423494b870fb) Importer(815301076,1909f56bfc062723c751e8b465ee728b)
Start importing Assets/Shop.unity using Guid(d63dcb16ce6de004fbf3423494b870fb) Importer(815301076,1909f56bfc062723c751e8b465ee728b)  -> (artifact id: '27416192ec1fd8fb335bfb806fad7a16') in 0.005674 seconds
  Import took 0.010066 seconds .

========================================================================
Received Import Request.
  Time since last request: 37.767043 seconds.
  path: Assets/Background/button_01.png
  artifactKey: Guid(daea30268708c2c4999280a73d0825c2) Importer(815301076,1909f56bfc062723c751e8b465ee728b)
Start importing Assets/Background/button_01.png using Guid(daea30268708c2c4999280a73d0825c2) Importer(815301076,1909f56bfc062723c751e8b465ee728b)  -> (artifact id: '3aee65e2134634284ffc287ca6911299') in 0.842068 seconds
  Import took 0.846773 seconds .

========================================================================
Received Import Request.
  Time since last request: 0.000457 seconds.
  path: Assets/Background/SkyboxY+.png
  artifactKey: Guid(e5baebb9c6adb4b4da867f51d9ebf2c7) Importer(815301076,1909f56bfc062723c751e8b465ee728b)
Start importing Assets/Background/SkyboxY+.png using Guid(e5baebb9c6adb4b4da867f51d9ebf2c7) Importer(815301076,1909f56bfc062723c751e8b465ee728b)  -> (artifact id: '8d57a56b2fa36342dad3b8b4518ed2df') in 0.166962 seconds
  Import took 0.171035 seconds .

========================================================================
Received Import Request.
  Time since last request: 10.735033 seconds.
  path: Assets/Background/SkyboxY+.png
  artifactKey: Guid(e5baebb9c6adb4b4da867f51d9ebf2c7) Importer(815301076,1909f56bfc062723c751e8b465ee728b)
Start importing Assets/Background/SkyboxY+.png using Guid(e5baebb9c6adb4b4da867f51d9ebf2c7) Importer(815301076,1909f56bfc062723c751e8b465ee728b)  -> (artifact id: '729390b2690ca8ee170db38b9fe08af7') in 0.147488 seconds
  Import took 0.151462 seconds .

========================================================================
Received Prepare
Registering precompiled user dll's ...
Registered in 0.002037 seconds.
Begin MonoManager ReloadAssembly
Native extension for WindowsStandalone target not found
Refreshing native plugins compatible for Editor in 0.65 ms, found 0 plugins.
Preloading 0 native plugins for Editor in 0.00 ms.
Invoked RoslynAnalysisRunner static constructor.
RoslynAnalysisRunner will not be running.
RoslynAnalysisRunner has terminated.
Mono: successfully reloaded assembly
- Completed reload, in  1.657 seconds
Platform modules already initialized, skipping
Switching build target platform(5) subTarget(0) extendedPlatform(0) -> platform(13) subTarget(537395200) extendedPlatform(0)
Refreshing native plugins compatible for Editor in 0.64 ms, found 0 plugins.
Preloading 0 native plugins for Editor in 0.00 ms.
Unloading 1107 Unused Serialized files (Serialized files now loaded: 0)
System memory in use before: 61.3 MB.
System memory in use after: 61.4 MB.

Unloading 4 unused Assets to reduce memory usage. Loaded Objects now: 1583.
Total: 3.703600 ms (FindLiveObjects: 0.454100 ms CreateObjectMapping: 0.070300 ms MarkObjects: 3.139200 ms  DeleteObjects: 0.036400 ms)

AssetImportParameters requested are different than current active one (requested -> active):
  custom:graphics/normal-map-encoding: 01000000000000000000000000000000 -> 02000000000000000000000000000000
========================================================================
Received Import Request.
  Time since last request: 1117.479821 seconds.
  path: Assets/Scripts
  artifactKey: Guid(bf1d0657566a9b14aba420965b41c5ab) Importer(815301076,1909f56bfc062723c751e8b465ee728b)
Start importing Assets/Scripts using Guid(bf1d0657566a9b14aba420965b41c5ab) Importer(815301076,1909f56bfc062723c751e8b465ee728b)  -> (artifact id: 'b719cfc0589112be32a02ec03ede7199') in 0.040522 seconds
  Import took 0.048391 seconds .

========================================================================
Received Prepare
Registering precompiled user dll's ...
Registered in 0.002602 seconds.
Begin MonoManager ReloadAssembly
Native extension for WindowsStandalone target not found
Refreshing native plugins compatible for Editor in 0.69 ms, found 0 plugins.
Preloading 0 native plugins for Editor in 0.00 ms.
Invoked RoslynAnalysisRunner static constructor.
RoslynAnalysisRunner will not be running.
RoslynAnalysisRunner has terminated.
Mono: successfully reloaded assembly
- Completed reload, in  2.027 seconds
Platform modules already initialized, skipping
Switching build target platform(5) subTarget(0) extendedPlatform(0) -> platform(13) subTarget(537395200) extendedPlatform(0)
Refreshing native plugins compatible for Editor in 0.64 ms, found 0 plugins.
Preloading 0 native plugins for Editor in 0.00 ms.
Unloading 1107 Unused Serialized files (Serialized files now loaded: 0)
System memory in use before: 61.4 MB.
System memory in use after: 61.5 MB.

Unloading 4 unused Assets to reduce memory usage. Loaded Objects now: 1585.
Total: 3.853500 ms (FindLiveObjects: 0.432500 ms CreateObjectMapping: 0.072500 ms MarkObjects: 3.310800 ms  DeleteObjects: 0.034800 ms)

AssetImportParameters requested are different than current active one (requested -> active):
  custom:graphics/normal-map-encoding: 01000000000000000000000000000000 -> 02000000000000000000000000000000
