Using pre-set license
Built from '2020.2/staging' branch; Version is '2020.2.3f1 (8ff31bc5bf5b) revision 9433883'; Using compiler version '192528614'; Build Type 'Release'
OS: 'Windows 10 Pro; OS build 19043.1348; Version 2009; 64bit' Language: 'ru' Physical Memory: 4010 MB
BatchMode: 1, IsHumanControllingUs: 0, StartBugReporterOnCrash: 0, Is64bit: 1, IsPro: 0

 COMMAND LINE ARGUMENTS:
C:\Program Files\Unity\Hub\Editor\2020.2.3f1\Editor\Unity.exe
-adb2
-batchMode
-noUpm
-name
AssetImportWorker0
-projectPath
C:/Users/admin/Documents/game-jam-shit/game jam shit
-logFile
Logs/AssetImportWorker0.log
-srvPort
50057
Successfully changed project path to: C:/Users/admin/Documents/game-jam-shit/game jam shit
C:/Users/admin/Documents/game-jam-shit/game jam shit
Using Asset Import Pipeline V2.
Refreshing native plugins compatible for Editor in 111.63 ms, found 0 plugins.
Preloading 0 native plugins for Editor in 0.00 ms.
Initialize engine version: 2020.2.3f1 (8ff31bc5bf5b)
[Subsystems] Discovering subsystems at path C:/Program Files/Unity/Hub/Editor/2020.2.3f1/Editor/Data/Resources/UnitySubsystems
[Subsystems] Discovering subsystems at path C:/Users/admin/Documents/game-jam-shit/game jam shit/Assets
GfxDevice: creating device client; threaded=0
Direct3D:
    Version:  Direct3D 11.0 [level 11.1]
    Renderer: AMD Radeon (TM) R5 M330 (ID=0x6660)
    Vendor:   
    VRAM:     2039 MB
    Driver:   27.20.1034.6
Initialize mono
Mono path[0] = 'C:/Program Files/Unity/Hub/Editor/2020.2.3f1/Editor/Data/Managed'
Mono path[1] = 'C:/Program Files/Unity/Hub/Editor/2020.2.3f1/Editor/Data/MonoBleedingEdge/lib/mono/unityjit'
Mono config path = 'C:/Program Files/Unity/Hub/Editor/2020.2.3f1/Editor/Data/MonoBleedingEdge/etc'
Using monoOptions --debugger-agent=transport=dt_socket,embedding=1,server=y,suspend=n,address=127.0.0.1:56612
Begin MonoManager ReloadAssembly
Registering precompiled unity dll's ...
Register platform support module: C:/Program Files/Unity/Hub/Editor/2020.2.3f1/Editor/Data/PlaybackEngines/WebGLSupport/UnityEditor.WebGL.Extensions.dll
Register platform support module: C:/Program Files/Unity/Hub/Editor/2020.2.3f1/Editor/Data/PlaybackEngines/WindowsStandaloneSupport/UnityEditor.WindowsStandalone.Extensions.dll
Registered in 0.007691 seconds.
Native extension for WindowsStandalone target not found
Native extension for WebGL target not found
Refreshing native plugins compatible for Editor in 62.23 ms, found 0 plugins.
Preloading 0 native plugins for Editor in 0.00 ms.
Invoked RoslynAnalysisRunner static constructor.
RoslynAnalysisRunner will not be running.
RoslynAnalysisRunner has terminated.
Mono: successfully reloaded assembly
- Completed reload, in 11.691 seconds
Platform modules already initialized, skipping
Registering precompiled user dll's ...
Registered in 0.002879 seconds.
Begin MonoManager ReloadAssembly
Native extension for WindowsStandalone target not found
Native extension for WebGL target not found
Refreshing native plugins compatible for Editor in 0.36 ms, found 0 plugins.
Preloading 0 native plugins for Editor in 0.00 ms.
Invoked RoslynAnalysisRunner static constructor.
RoslynAnalysisRunner will not be running.
RoslynAnalysisRunner has terminated.
Mono: successfully reloaded assembly
- Completed reload, in  1.882 seconds
Platform modules already initialized, skipping
========================================================================
Worker process is ready to serve import requests
Launched and connected shader compiler UnityShaderCompiler.exe after 0.10 seconds
Refreshing native plugins compatible for Editor in 0.48 ms, found 0 plugins.
Preloading 0 native plugins for Editor in 0.00 ms.
Unloading 1103 Unused Serialized files (Serialized files now loaded: 0)
System memory in use before: 56.6 MB.
System memory in use after: 56.7 MB.

Unloading 9 unused Assets to reduce memory usage. Loaded Objects now: 1545.
Total: 3.032600 ms (FindLiveObjects: 0.240200 ms CreateObjectMapping: 0.074900 ms MarkObjects: 2.608200 ms  DeleteObjects: 0.106700 ms)

========================================================================
Received Import Request.
  path: Assets/Materials/New Material.mat
  artifactKey: Guid(8bbf878264471594e89a162a8014f320) Importer(815301076,1909f56bfc062723c751e8b465ee728b)
Start importing Assets/Materials/New Material.mat using Guid(8bbf878264471594e89a162a8014f320) Importer(815301076,1909f56bfc062723c751e8b465ee728b)  -> (artifact id: 'f052b055082287b847620f623b1f74cd') in 0.471322 seconds
  Import took 0.474512 seconds .

========================================================================
Received Import Request.
  Time since last request: 0.000926 seconds.
  path: Assets/Materials/New Material 1.mat
  artifactKey: Guid(51009e7b21a558748982959202d49857) Importer(815301076,1909f56bfc062723c751e8b465ee728b)
Start importing Assets/Materials/New Material 1.mat using Guid(51009e7b21a558748982959202d49857) Importer(815301076,1909f56bfc062723c751e8b465ee728b)  -> (artifact id: '0f95f98a58273ca71ec10ba7a41acbac') in 0.041011 seconds
  Import took 0.044374 seconds .

========================================================================
Received Import Request.
  Time since last request: 0.000337 seconds.
  path: Assets/Prefabs/tileMap.prefab
  artifactKey: Guid(4b483c5dd66bef54199da371eaa6229b) Importer(815301076,1909f56bfc062723c751e8b465ee728b)
Start importing Assets/Prefabs/tileMap.prefab using Guid(4b483c5dd66bef54199da371eaa6229b) Importer(815301076,1909f56bfc062723c751e8b465ee728b)  -> (artifact id: 'a162a37fa62efee0a2874daa2f5322e0') in 0.056990 seconds
  Import took 0.060041 seconds .

========================================================================
Received Import Request.
  Time since last request: 0.000287 seconds.
  path: Assets/Prefabs/tileMap1.prefab
  artifactKey: Guid(3586728d54fd5ed4282c74443b5428c1) Importer(815301076,1909f56bfc062723c751e8b465ee728b)
Start importing Assets/Prefabs/tileMap1.prefab using Guid(3586728d54fd5ed4282c74443b5428c1) Importer(815301076,1909f56bfc062723c751e8b465ee728b)  -> (artifact id: '9f206d19bcaf2d0996acd317aaf6d8fb') in 0.035331 seconds
  Import took 0.038353 seconds .

========================================================================
Received Import Request.
  Time since last request: 0.000300 seconds.
  path: Assets/Materials/New Material 2.mat
  artifactKey: Guid(b5f1fab4d02d404489f7e69fabe10619) Importer(815301076,1909f56bfc062723c751e8b465ee728b)
Start importing Assets/Materials/New Material 2.mat using Guid(b5f1fab4d02d404489f7e69fabe10619) Importer(815301076,1909f56bfc062723c751e8b465ee728b)  -> (artifact id: '239188103cf1085987bdbcd264faecb7') in 0.037367 seconds
  Import took 0.043724 seconds .

========================================================================
Received Import Request.
  Time since last request: 0.000455 seconds.
  path: Assets/Prefabs/tileMap2.prefab
  artifactKey: Guid(5bb9395c03bd1b24bae05068f740faba) Importer(815301076,1909f56bfc062723c751e8b465ee728b)
Start importing Assets/Prefabs/tileMap2.prefab using Guid(5bb9395c03bd1b24bae05068f740faba) Importer(815301076,1909f56bfc062723c751e8b465ee728b)  -> (artifact id: '07d20a25583cf60cb8e94d19cbd096d0') in 0.036555 seconds
  Import took 0.043215 seconds .

========================================================================
Received Import Request.
  Time since last request: 0.000429 seconds.
  path: Assets/Scenes/SampleScene.unity
  artifactKey: Guid(9fc0d4010bbf28b4594072e72b8655ab) Importer(815301076,1909f56bfc062723c751e8b465ee728b)
Start importing Assets/Scenes/SampleScene.unity using Guid(9fc0d4010bbf28b4594072e72b8655ab) Importer(815301076,1909f56bfc062723c751e8b465ee728b)  -> (artifact id: 'ed8a3650d8621ec211a0e04bf58bb5bc') in 0.025650 seconds
  Import took 0.033062 seconds .

========================================================================
Received Import Request.
  Time since last request: 27.749060 seconds.
  path: Assets
  artifactKey: Guid(00000000000000001000000000000000) Importer(815301076,1909f56bfc062723c751e8b465ee728b)
Start importing Assets using Guid(00000000000000001000000000000000) Importer(815301076,1909f56bfc062723c751e8b465ee728b)  -> (artifact id: '653ce283d384579a24208b2e4d727c2a') in 0.015564 seconds
  Import took 0.020655 seconds .

========================================================================
Received Import Request.
  Time since last request: 11.845387 seconds.
  path: Assets/models
  artifactKey: Guid(4f25ebfce265d6543b28343757ed1720) Importer(815301076,1909f56bfc062723c751e8b465ee728b)
Start importing Assets/models using Guid(4f25ebfce265d6543b28343757ed1720) Importer(815301076,1909f56bfc062723c751e8b465ee728b)  -> (artifact id: '97c2e2d65e056613e1f5dc9629139d75') in 0.016530 seconds
  Import took 0.022402 seconds .

========================================================================
Received Import Request.
  Time since last request: 7.428699 seconds.
  path: Assets/Models
  artifactKey: Guid(4f25ebfce265d6543b28343757ed1720) Importer(815301076,1909f56bfc062723c751e8b465ee728b)
Start importing Assets/Models using Guid(4f25ebfce265d6543b28343757ed1720) Importer(815301076,1909f56bfc062723c751e8b465ee728b)  -> (artifact id: '96a4fc3fc44a5dba594ccc0b38fa79d0') in 0.016473 seconds
  Import took 0.021164 seconds .

========================================================================
Received Import Request.
  Time since last request: 27.898067 seconds.
  path: Assets/Models/SpaceShip.fbx
  artifactKey: Guid(4c5f19f813d065e408a17ec1a7780e52) Importer(815301076,1909f56bfc062723c751e8b465ee728b)
Start importing Assets/Models/SpaceShip.fbx using Guid(4c5f19f813d065e408a17ec1a7780e52) Importer(815301076,1909f56bfc062723c751e8b465ee728b)  -> (artifact id: '787bac17a5e825c2d40b0e9592ddf0d3') in 0.313320 seconds
  Import took 0.318760 seconds .

========================================================================
Received Import Request.
  Time since last request: 50.473847 seconds.
  path: Assets/Textures
  artifactKey: Guid(2673067763726044c9f3c9d629f70429) Importer(815301076,1909f56bfc062723c751e8b465ee728b)
Start importing Assets/Textures using Guid(2673067763726044c9f3c9d629f70429) Importer(815301076,1909f56bfc062723c751e8b465ee728b)  -> (artifact id: 'b131679278a274ba64a59e8c350eeadf') in 0.020295 seconds
  Import took 0.024963 seconds .

========================================================================
Received Import Request.
  Time since last request: 16.461633 seconds.
  path: Assets/Textures/space_ship_test_color.png
  artifactKey: Guid(e2a8bf4bae13a2d4db45dcc0cbe63edf) Importer(815301076,1909f56bfc062723c751e8b465ee728b)
Start importing Assets/Textures/space_ship_test_color.png using Guid(e2a8bf4bae13a2d4db45dcc0cbe63edf) Importer(815301076,1909f56bfc062723c751e8b465ee728b)  -> (artifact id: '720a360e4203813632fdcba61adf8a34') in 0.103374 seconds
  Import took 0.107284 seconds .

========================================================================
Received Import Request.
  Time since last request: 10.121640 seconds.
  path: Assets/Models/SpaceShip.fbx
  artifactKey: Guid(4c5f19f813d065e408a17ec1a7780e52) Importer(815301076,1909f56bfc062723c751e8b465ee728b)
Start importing Assets/Models/SpaceShip.fbx using Guid(4c5f19f813d065e408a17ec1a7780e52) Importer(815301076,1909f56bfc062723c751e8b465ee728b)  -> (artifact id: 'b10f6414ce74b331334f9ebc9134797b') in 0.043512 seconds
  Import took 0.047241 seconds .

