Using pre-set license
Built from '2020.2/staging' branch; Version is '2020.2.3f1 (8ff31bc5bf5b) revision 9433883'; Using compiler version '192528614'; Build Type 'Release'
OS: 'Windows 10 Pro; OS build 19043.1348; Version 2009; 64bit' Language: 'ru' Physical Memory: 4010 MB
BatchMode: 1, IsHumanControllingUs: 0, StartBugReporterOnCrash: 0, Is64bit: 1, IsPro: 0

 COMMAND LINE ARGUMENTS:
C:\Program Files\Unity\Hub\Editor\2020.2.3f1\Editor\Unity.exe
-adb2
-batchMode
-noUpm
-name
AssetImportWorker1
-projectPath
C:/Users/admin/Documents/game-jam-shit/game jam shit
-logFile
Logs/AssetImportWorker1.log
-srvPort
53136
Successfully changed project path to: C:/Users/admin/Documents/game-jam-shit/game jam shit
C:/Users/admin/Documents/game-jam-shit/game jam shit
Using Asset Import Pipeline V2.
Refreshing native plugins compatible for Editor in 47.01 ms, found 0 plugins.
Preloading 0 native plugins for Editor in 0.00 ms.
Initialize engine version: 2020.2.3f1 (8ff31bc5bf5b)
[Subsystems] Discovering subsystems at path C:/Program Files/Unity/Hub/Editor/2020.2.3f1/Editor/Data/Resources/UnitySubsystems
[Subsystems] Discovering subsystems at path C:/Users/admin/Documents/game-jam-shit/game jam shit/Assets
GfxDevice: creating device client; threaded=0
Direct3D:
    Version:  Direct3D 11.0 [level 11.1]
    Renderer: AMD Radeon (TM) R5 M330 (ID=0x6660)
    Vendor:   
    VRAM:     2039 MB
    Driver:   27.20.1034.6
Initialize mono
Mono path[0] = 'C:/Program Files/Unity/Hub/Editor/2020.2.3f1/Editor/Data/Managed'
Mono path[1] = 'C:/Program Files/Unity/Hub/Editor/2020.2.3f1/Editor/Data/MonoBleedingEdge/lib/mono/unityjit'
Mono config path = 'C:/Program Files/Unity/Hub/Editor/2020.2.3f1/Editor/Data/MonoBleedingEdge/etc'
Using monoOptions --debugger-agent=transport=dt_socket,embedding=1,server=y,suspend=n,address=127.0.0.1:56472
Begin MonoManager ReloadAssembly
Registering precompiled unity dll's ...
Register platform support module: C:/Program Files/Unity/Hub/Editor/2020.2.3f1/Editor/Data/PlaybackEngines/WebGLSupport/UnityEditor.WebGL.Extensions.dll
Register platform support module: C:/Program Files/Unity/Hub/Editor/2020.2.3f1/Editor/Data/PlaybackEngines/WindowsStandaloneSupport/UnityEditor.WindowsStandalone.Extensions.dll
Registered in 0.005095 seconds.
Native extension for WindowsStandalone target not found
Native extension for WebGL target not found
Refreshing native plugins compatible for Editor in 55.23 ms, found 0 plugins.
Preloading 0 native plugins for Editor in 0.00 ms.
Invoked RoslynAnalysisRunner static constructor.
RoslynAnalysisRunner will not be running.
RoslynAnalysisRunner has terminated.
Mono: successfully reloaded assembly
- Completed reload, in  2.617 seconds
Platform modules already initialized, skipping
Registering precompiled user dll's ...
Registered in 0.001711 seconds.
Begin MonoManager ReloadAssembly
Native extension for WindowsStandalone target not found
Native extension for WebGL target not found
Refreshing native plugins compatible for Editor in 0.39 ms, found 0 plugins.
Preloading 0 native plugins for Editor in 0.00 ms.
Invoked RoslynAnalysisRunner static constructor.
RoslynAnalysisRunner will not be running.
RoslynAnalysisRunner has terminated.
Mono: successfully reloaded assembly
- Completed reload, in  3.734 seconds
Platform modules already initialized, skipping
========================================================================
Worker process is ready to serve import requests
Launched and connected shader compiler UnityShaderCompiler.exe after 0.19 seconds
Refreshing native plugins compatible for Editor in 0.61 ms, found 0 plugins.
Preloading 0 native plugins for Editor in 0.00 ms.
Unloading 1113 Unused Serialized files (Serialized files now loaded: 0)
System memory in use before: 129.5 MB.
System memory in use after: 129.6 MB.

Unloading 8 unused Assets to reduce memory usage. Loaded Objects now: 1565.
Total: 7.579300 ms (FindLiveObjects: 0.343500 ms CreateObjectMapping: 0.061200 ms MarkObjects: 6.750400 ms  DeleteObjects: 0.420900 ms)

========================================================================
Received Import Request.
  path: Assets/Models/GAS.fbx
  artifactKey: Guid(334fc53435e7fb94db5bd0708cb1407f) Importer(815301076,1909f56bfc062723c751e8b465ee728b)
Start importing Assets/Models/GAS.fbx using Guid(334fc53435e7fb94db5bd0708cb1407f) Importer(815301076,1909f56bfc062723c751e8b465ee728b)  -> (artifact id: '6cb84d6b1be4320c6b4dba3690e9990b') in 0.427464 seconds
  Import took 0.433177 seconds .

========================================================================
Received Import Request.
  Time since last request: 42.712942 seconds.
  path: Assets/Models/GAS.fbx
  artifactKey: Guid(334fc53435e7fb94db5bd0708cb1407f) Importer(815301076,1909f56bfc062723c751e8b465ee728b)
Start importing Assets/Models/GAS.fbx using Guid(334fc53435e7fb94db5bd0708cb1407f) Importer(815301076,1909f56bfc062723c751e8b465ee728b)  -> (artifact id: 'ebdcc420e58b99ab8e1572048bbefde8') in 0.074440 seconds
  Import took 0.080814 seconds .

========================================================================
Received Import Request.
  Time since last request: 36.989863 seconds.
  path: Assets/Models/GAS.fbx
  artifactKey: Guid(334fc53435e7fb94db5bd0708cb1407f) Importer(815301076,1909f56bfc062723c751e8b465ee728b)
Start importing Assets/Models/GAS.fbx using Guid(334fc53435e7fb94db5bd0708cb1407f) Importer(815301076,1909f56bfc062723c751e8b465ee728b)  -> (artifact id: '29ae255d661e20a1c1ce00366776dd2f') in 0.054064 seconds
  Import took 0.060891 seconds .

========================================================================
Received Import Request.
  Time since last request: 39.017915 seconds.
  path: Assets/Models/GAS.fbx
  artifactKey: Guid(334fc53435e7fb94db5bd0708cb1407f) Importer(815301076,1909f56bfc062723c751e8b465ee728b)
Start importing Assets/Models/GAS.fbx using Guid(334fc53435e7fb94db5bd0708cb1407f) Importer(815301076,1909f56bfc062723c751e8b465ee728b)  -> (artifact id: '66e49be2fdcf75fc7bc6855fd43edabd') in 0.082412 seconds
  Import took 0.097326 seconds .

========================================================================
Received Import Request.
  Time since last request: 37.969071 seconds.
  path: Assets/Textures/space_ship_test_color.png
  artifactKey: Guid(e2a8bf4bae13a2d4db45dcc0cbe63edf) Importer(815301076,1909f56bfc062723c751e8b465ee728b)
Start importing Assets/Textures/space_ship_test_color.png using Guid(e2a8bf4bae13a2d4db45dcc0cbe63edf) Importer(815301076,1909f56bfc062723c751e8b465ee728b)  -> (artifact id: '044e7790c24208a779a34ff86519a501') in 0.075709 seconds
  Import took 0.080795 seconds .

========================================================================
Received Import Request.
  Time since last request: 341.802704 seconds.
  path: Assets/Shaders/istockphoto-1266492899-612x612.jpg
  artifactKey: Guid(48f96bd33f1a9c94aad8076d913aa3cf) Importer(815301076,1909f56bfc062723c751e8b465ee728b)
Start importing Assets/Shaders/istockphoto-1266492899-612x612.jpg using Guid(48f96bd33f1a9c94aad8076d913aa3cf) Importer(815301076,1909f56bfc062723c751e8b465ee728b)  -> (artifact id: '09fdf83df0b4076c56111826eb9e5826') in 0.045906 seconds
  Import took 0.051299 seconds .

========================================================================
Received Import Request.
  Time since last request: 0.052838 seconds.
  path: Assets/Shaders/istockphoto-1266492899-612x612.jpg
  artifactKey: Guid(48f96bd33f1a9c94aad8076d913aa3cf) Importer(815301076,1909f56bfc062723c751e8b465ee728b)
Start importing Assets/Shaders/istockphoto-1266492899-612x612.jpg using Guid(48f96bd33f1a9c94aad8076d913aa3cf) Importer(815301076,1909f56bfc062723c751e8b465ee728b)  -> (artifact id: '09fdf83df0b4076c56111826eb9e5826') in 0.165103 seconds
  Import took 0.170561 seconds .

========================================================================
Received Import Request.
  Time since last request: 1817.540971 seconds.
  path: Assets/Models/GAS.fbx
  artifactKey: Guid(334fc53435e7fb94db5bd0708cb1407f) Importer(815301076,1909f56bfc062723c751e8b465ee728b)
Start importing Assets/Models/GAS.fbx using Guid(334fc53435e7fb94db5bd0708cb1407f) Importer(815301076,1909f56bfc062723c751e8b465ee728b)  -> (artifact id: '579c8e9efbd4dc3a22453eb40c78eb48') in 0.077020 seconds
  Import took 0.082570 seconds .

========================================================================
Received Import Request.
  Time since last request: 404.888002 seconds.
  path: Assets/Models/Nitro.fbx
  artifactKey: Guid(ef328a7ba9c91a44cb3ddc8a6f891f02) Importer(815301076,1909f56bfc062723c751e8b465ee728b)
Start importing Assets/Models/Nitro.fbx using Guid(ef328a7ba9c91a44cb3ddc8a6f891f02) Importer(815301076,1909f56bfc062723c751e8b465ee728b)  -> (artifact id: '192151d723ef673f5141ed13bab79511') in 0.051166 seconds
  Import took 0.061416 seconds .

========================================================================
Received Import Request.
  Time since last request: 128.012529 seconds.
  path: Assets/Textures/nitro.jpg
  artifactKey: Guid(affec2afc0c0ad841957957bae131aab) Importer(815301076,1909f56bfc062723c751e8b465ee728b)
Start importing Assets/Textures/nitro.jpg using Guid(affec2afc0c0ad841957957bae131aab) Importer(815301076,1909f56bfc062723c751e8b465ee728b)  -> (artifact id: '01dca69769e2398ee9a00f78bcf92c97') in 0.026610 seconds
  Import took 0.032330 seconds .

========================================================================
Received Prepare
Registering precompiled user dll's ...
Registered in 0.003257 seconds.
Begin MonoManager ReloadAssembly
Native extension for WindowsStandalone target not found
Native extension for WebGL target not found
Refreshing native plugins compatible for Editor in 0.81 ms, found 0 plugins.
Preloading 0 native plugins for Editor in 0.00 ms.
Invoked RoslynAnalysisRunner static constructor.
RoslynAnalysisRunner will not be running.
RoslynAnalysisRunner has terminated.
Mono: successfully reloaded assembly
- Completed reload, in  1.979 seconds
Platform modules already initialized, skipping
Refreshing native plugins compatible for Editor in 0.30 ms, found 0 plugins.
Preloading 0 native plugins for Editor in 0.00 ms.
Unloading 1102 Unused Serialized files (Serialized files now loaded: 0)
System memory in use before: 132.6 MB.
System memory in use after: 132.7 MB.

Unloading 4 unused Assets to reduce memory usage. Loaded Objects now: 1611.
Total: 3.913000 ms (FindLiveObjects: 0.318800 ms CreateObjectMapping: 0.091700 ms MarkObjects: 3.444000 ms  DeleteObjects: 0.056500 ms)

========================================================================
Received Import Request.
  Time since last request: 1797.110186 seconds.
  path: Assets/Models/BITCOIN.obj
  artifactKey: Guid(716545182114232459b5dc4ab37fc5c0) Importer(815301076,1909f56bfc062723c751e8b465ee728b)
Start importing Assets/Models/BITCOIN.obj using Guid(716545182114232459b5dc4ab37fc5c0) Importer(815301076,1909f56bfc062723c751e8b465ee728b)  -> (artifact id: 'fafbedc700b771c1ec775e20a2a462d4') in 0.306210 seconds
  Import took 0.312389 seconds .

========================================================================
Received Import Request.
  Time since last request: 29.507015 seconds.
  path: Assets/Materials/istockphoto-1266492899-612x612.mat
  artifactKey: Guid(32d5a76ad5d8d8d41bbe813795661683) Importer(815301076,1909f56bfc062723c751e8b465ee728b)
Start importing Assets/Materials/istockphoto-1266492899-612x612.mat using Guid(32d5a76ad5d8d8d41bbe813795661683) Importer(815301076,1909f56bfc062723c751e8b465ee728b)  -> (artifact id: '48c68a75bbb361017278b08a519497c4') in 0.053099 seconds
  Import took 0.058930 seconds .

========================================================================
Received Import Request.
  Time since last request: 0.000408 seconds.
  path: Assets/Materials/New Material.mat
  artifactKey: Guid(8bbf878264471594e89a162a8014f320) Importer(815301076,1909f56bfc062723c751e8b465ee728b)
Start importing Assets/Materials/New Material.mat using Guid(8bbf878264471594e89a162a8014f320) Importer(815301076,1909f56bfc062723c751e8b465ee728b)  -> (artifact id: '9271520d9c7c4bd7144b7adb5bc898e9') in 0.055668 seconds
  Import took 0.061750 seconds .

========================================================================
Received Import Request.
  Time since last request: 0.000456 seconds.
  path: Assets/Materials/New Material 1.mat
  artifactKey: Guid(51009e7b21a558748982959202d49857) Importer(815301076,1909f56bfc062723c751e8b465ee728b)
Start importing Assets/Materials/New Material 1.mat using Guid(51009e7b21a558748982959202d49857) Importer(815301076,1909f56bfc062723c751e8b465ee728b)  -> (artifact id: 'c81e6173037dfa10d9660ec8068e33d6') in 0.419644 seconds
  Import took 0.424309 seconds .

========================================================================
Received Import Request.
  Time since last request: 0.000385 seconds.
  path: Assets/Materials/Planets_Pallet.mat
  artifactKey: Guid(fc3b0d128c6d54c4597ca840d4803ac5) Importer(815301076,1909f56bfc062723c751e8b465ee728b)
Start importing Assets/Materials/Planets_Pallet.mat using Guid(fc3b0d128c6d54c4597ca840d4803ac5) Importer(815301076,1909f56bfc062723c751e8b465ee728b)  -> (artifact id: '6a103c62afc57049f344f7b2e960bded') in 0.040236 seconds
  Import took 0.045214 seconds .

========================================================================
Received Import Request.
  Time since last request: 0.000461 seconds.
  path: Assets/Materials/space_ship_test_color.mat
  artifactKey: Guid(0e53e7cd0eb108842935f461d89f6027) Importer(815301076,1909f56bfc062723c751e8b465ee728b)
Start importing Assets/Materials/space_ship_test_color.mat using Guid(0e53e7cd0eb108842935f461d89f6027) Importer(815301076,1909f56bfc062723c751e8b465ee728b)  -> (artifact id: 'da056106c8258605bd40de29a6deaaa2') in 0.048668 seconds
  Import took 0.055974 seconds .

========================================================================
Received Import Request.
  Time since last request: 0.000633 seconds.
  path: Assets/Materials/nitro.mat
  artifactKey: Guid(199509645c8db1b48a3fed580ce47185) Importer(815301076,1909f56bfc062723c751e8b465ee728b)
Start importing Assets/Materials/nitro.mat using Guid(199509645c8db1b48a3fed580ce47185) Importer(815301076,1909f56bfc062723c751e8b465ee728b)  -> (artifact id: 'c3309f0cd8014b47f81c25bd992064c5') in 0.036813 seconds
  Import took 0.042075 seconds .

========================================================================
Received Import Request.
  Time since last request: 0.000379 seconds.
  path: Assets/Materials/New Material 2.mat
  artifactKey: Guid(b5f1fab4d02d404489f7e69fabe10619) Importer(815301076,1909f56bfc062723c751e8b465ee728b)
Start importing Assets/Materials/New Material 2.mat using Guid(b5f1fab4d02d404489f7e69fabe10619) Importer(815301076,1909f56bfc062723c751e8b465ee728b)  -> (artifact id: 'd2b4fd10f332da704e56d6d2b7b1e512') in 0.045733 seconds
  Import took 0.051003 seconds .

========================================================================
Received Import Request.
  Time since last request: 0.000504 seconds.
  path: Assets/Materials/lightship.mat
  artifactKey: Guid(86faab27cfe67bc44923151713566b62) Importer(815301076,1909f56bfc062723c751e8b465ee728b)
Start importing Assets/Materials/lightship.mat using Guid(86faab27cfe67bc44923151713566b62) Importer(815301076,1909f56bfc062723c751e8b465ee728b)  -> (artifact id: '9743576db3a08ce30569311e0623452a') in 0.207592 seconds
  Import took 0.211691 seconds .

AssetImportWorkerClient::OnTransportError - code=2 error=End of file
